<?xml version="1.0" encoding="UTF-8"?>
<testng-results skipped="0" failed="0" ignored="0" total="1" passed="1">
  <reporter-output>
  </reporter-output>
  <suite name="Default suite" duration-ms="40257" started-at="2018-11-30T07:42:16Z" finished-at="2018-11-30T07:42:56Z">
    <groups>
    </groups>
    <test name="Default test" duration-ms="40257" started-at="2018-11-30T07:42:16Z" finished-at="2018-11-30T07:42:56Z">
      <class name="PDFRead">
        <test-method status="PASS" signature="readPDFTest()[pri:0, instance:PDFRead@42eca56e]" name="readPDFTest" duration-ms="40162" started-at="2018-11-30T07:42:16Z" finished-at="2018-11-30T07:42:56Z">
          <reporter-output>
          </reporter-output>
        </test-method> <!-- readPDFTest -->
      </class> <!-- PDFRead -->
    </test> <!-- Default test -->
  </suite> <!-- Default suite -->
</testng-results>
